# JRE version: Java(TM) SE Runtime Environment (8.0_151-b12) (build 1.8.0_151-b12)
# Java VM: Java HotSpot(TM) 64-Bit Server VM (25.151-b12 mixed mode windows-amd64 compressed oops)
Heap:
 PSYoungGen      total 317952K, used 298423K [0x00000000d5f00000, 0x00000000eaa80000, 0x0000000100000000)
  eden space 303616K, 98% used [0x00000000d5f00000,0x00000000e826ddf8,0x00000000e8780000)
  from space 14336K, 0% used [0x00000000e9c80000,0x00000000e9c80000,0x00000000eaa80000)
  to   space 17920K, 0% used [0x00000000e8780000,0x00000000e8780000,0x00000000e9900000)
 ParOldGen       total 107520K, used 37793K [0x0000000081c00000, 0x0000000088500000, 0x00000000d5f00000)
  object space 107520K, 35% used [0x0000000081c00000,0x00000000840e8468,0x0000000088500000)
 Metaspace       used 65054K, capacity 67908K, committed 68312K, reserved 1107968K
  class space    used 8685K, capacity 9152K, committed 9216K, reserved 1048576K
GC Heap History (10 events):
Event: 5.514 GC heap before
{Heap before GC invocations=11 (full 2):
 PSYoungGen      total 230400K, used 218624K [0x00000000d5f00000, 0x00000000e5b00000, 0x0000000100000000)
  eden space 218624K, 100% used [0x00000000d5f00000,0x00000000e3480000,0x00000000e3480000)
  from space 11776K, 0% used [0x00000000e4180000,0x00000000e4180000,0x00000000e4d00000)
  to   space 13312K, 0% used [0x00000000e3480000,0x00000000e3480000,0x00000000e4180000)
 ParOldGen       total 69120K, used 17809K [0x0000000081c00000, 0x0000000085f80000, 0x00000000d5f00000)
  object space 69120K, 25% used [0x0000000081c00000,0x0000000082d64738,0x0000000085f80000)
 Metaspace       used 41382K, capacity 42656K, committed 42880K, reserved 1087488K
  class space    used 5225K, capacity 5488K, committed 5504K, reserved 1048576K
Event: 5.530 GC heap after
Heap after GC invocations=11 (full 2):
 PSYoungGen      total 231936K, used 11390K [0x00000000d5f00000, 0x00000000eaa80000, 0x0000000100000000)
  eden space 218624K, 0% used [0x00000000d5f00000,0x00000000d5f00000,0x00000000e3480000)
  from space 13312K, 85% used [0x00000000e3480000,0x00000000e3f9fa08,0x00000000e4180000)
  to   space 14336K, 0% used [0x00000000e9c80000,0x00000000e9c80000,0x00000000eaa80000)
 ParOldGen       total 69120K, used 17817K [0x0000000081c00000, 0x0000000085f80000, 0x00000000d5f00000)
  object space 69120K, 25% used [0x0000000081c00000,0x0000000082d66738,0x0000000085f80000)
 Metaspace       used 41382K, capacity 42656K, committed 42880K, reserved 1087488K
  class space    used 5225K, capacity 5488K, committed 5504K, reserved 1048576K
}
Event: 9.309 GC heap before
{Heap before GC invocations=12 (full 2):
 PSYoungGen      total 231936K, used 230014K [0x00000000d5f00000, 0x00000000eaa80000, 0x0000000100000000)
  eden space 218624K, 100% used [0x00000000d5f00000,0x00000000e3480000,0x00000000e3480000)
  from space 13312K, 85% used [0x00000000e3480000,0x00000000e3f9fa08,0x00000000e4180000)
  to   space 14336K, 0% used [0x00000000e9c80000,0x00000000e9c80000,0x00000000eaa80000)
 ParOldGen       total 69120K, used 17817K [0x0000000081c00000, 0x0000000085f80000, 0x00000000d5f00000)
  object space 69120K, 25% used [0x0000000081c00000,0x0000000082d66738,0x0000000085f80000)
 Metaspace       used 50660K, capacity 52616K, committed 52736K, reserved 1095680K
  class space    used 6563K, capacity 6912K, committed 6912K, reserved 1048576K
Event: 9.334 GC heap after
Heap after GC invocations=12 (full 2):
 PSYoungGen      total 317952K, used 14332K [0x00000000d5f00000, 0x00000000eaa80000, 0x0000000100000000)
  eden space 303616K, 0% used [0x00000000d5f00000,0x00000000d5f00000,0x00000000e8780000)
  from space 14336K, 99% used [0x00000000e9c80000,0x00000000eaa7f098,0x00000000eaa80000)
  to   space 17920K, 0% used [0x00000000e8780000,0x00000000e8780000,0x00000000e9900000)
 ParOldGen       total 69120K, used 23575K [0x0000000081c00000, 0x0000000085f80000, 0x00000000d5f00000)
  object space 69120K, 34% used [0x0000000081c00000,0x0000000083305f30,0x0000000085f80000)
 Metaspace       used 50660K, capacity 52616K, committed 52736K, reserved 1095680K
  class space    used 6563K, capacity 6912K, committed 6912K, reserved 1048576K
}
Event: 11.280 GC heap before
{Heap before GC invocations=13 (full 2):
 PSYoungGen      total 317952K, used 317948K [0x00000000d5f00000, 0x00000000eaa80000, 0x0000000100000000)
  eden space 303616K, 100% used [0x00000000d5f00000,0x00000000e8780000,0x00000000e8780000)
  from space 14336K, 99% used [0x00000000e9c80000,0x00000000eaa7f098,0x00000000eaa80000)
  to   space 17920K, 0% used [0x00000000e8780000,0x00000000e8780000,0x00000000e9900000)
 ParOldGen       total 69120K, used 23575K [0x0000000081c00000, 0x0000000085f80000, 0x00000000d5f00000)
  object space 69120K, 34% used [0x0000000081c00000,0x0000000083305f30,0x0000000085f80000)
 Metaspace       used 55485K, capacity 57906K, committed 57984K, reserved 1099776K
  class space    used 7330K, capacity 7733K, committed 7808K, reserved 1048576K
Event: 11.310 GC heap after
Heap after GC invocations=13 (full 2):
 PSYoungGen      total 321536K, used 12694K [0x00000000d5f00000, 0x00000000eaa80000, 0x0000000100000000)
  eden space 303616K, 0% used [0x00000000d5f00000,0x00000000d5f00000,0x00000000e8780000)
  from space 17920K, 70% used [0x00000000e8780000,0x00000000e93e5910,0x00000000e9900000)
  to   space 14336K, 0% used [0x00000000e9c80000,0x00000000e9c80000,0x00000000eaa80000)
 ParOldGen       total 69120K, used 37536K [0x0000000081c00000, 0x0000000085f80000, 0x00000000d5f00000)
  object space 69120K, 54% used [0x0000000081c00000,0x00000000840a8310,0x0000000085f80000)
 Metaspace       used 55485K, capacity 57906K, committed 57984K, reserved 1099776K
  class space    used 7330K, capacity 7733K, committed 7808K, reserved 1048576K
}
Event: 11.493 GC heap before
{Heap before GC invocations=14 (full 2):
 PSYoungGen      total 321536K, used 46808K [0x00000000d5f00000, 0x00000000eaa80000, 0x0000000100000000)
  eden space 303616K, 11% used [0x00000000d5f00000,0x00000000d8050868,0x00000000e8780000)
  from space 17920K, 70% used [0x00000000e8780000,0x00000000e93e5910,0x00000000e9900000)
  to   space 14336K, 0% used [0x00000000e9c80000,0x00000000e9c80000,0x00000000eaa80000)
 ParOldGen       total 69120K, used 37536K [0x0000000081c00000, 0x0000000085f80000, 0x00000000d5f00000)
  object space 69120K, 54% used [0x0000000081c00000,0x00000000840a8310,0x0000000085f80000)
 Metaspace       used 56540K, capacity 59028K, committed 59096K, reserved 1099776K
  class space    used 7486K, capacity 7910K, committed 7936K, reserved 1048576K
Event: 11.507 GC heap after
Heap after GC invocations=14 (full 2):
 PSYoungGen      total 317952K, used 1719K [0x00000000d5f00000, 0x00000000eaa80000, 0x0000000100000000)
  eden space 303616K, 0% used [0x00000000d5f00000,0x00000000d5f00000,0x00000000e8780000)
  from space 14336K, 11% used [0x00000000e9c80000,0x00000000e9e2dfe8,0x00000000eaa80000)
  to   space 17920K, 0% used [0x00000000e8780000,0x00000000e8780000,0x00000000e9900000)
 ParOldGen       total 69120K, used 46158K [0x0000000081c00000, 0x0000000085f80000, 0x00000000d5f00000)
  object space 69120K, 66% used [0x0000000081c00000,0x00000000849138b0,0x0000000085f80000)
 Metaspace       used 56540K, capacity 59028K, committed 59096K, reserved 1099776K
  class space    used 7486K, capacity 7910K, committed 7936K, reserved 1048576K
}
Event: 11.507 GC heap before
{Heap before GC invocations=15 (full 3):
 PSYoungGen      total 317952K, used 1719K [0x00000000d5f00000, 0x00000000eaa80000, 0x0000000100000000)
  eden space 303616K, 0% used [0x00000000d5f00000,0x00000000d5f00000,0x00000000e8780000)
  from space 14336K, 11% used [0x00000000e9c80000,0x00000000e9e2dfe8,0x00000000eaa80000)
  to   space 17920K, 0% used [0x00000000e8780000,0x00000000e8780000,0x00000000e9900000)
 ParOldGen       total 69120K, used 46158K [0x0000000081c00000, 0x0000000085f80000, 0x00000000d5f00000)
  object space 69120K, 66% used [0x0000000081c00000,0x00000000849138b0,0x0000000085f80000)
 Metaspace       used 56540K, capacity 59028K, committed 59096K, reserved 1099776K
  class space    used 7486K, capacity 7910K, committed 7936K, reserved 1048576K
Event: 11.779 GC heap after
Heap after GC invocations=15 (full 3):
 PSYoungGen      total 317952K, used 0K [0x00000000d5f00000, 0x00000000eaa80000, 0x0000000100000000)
  eden space 303616K, 0% used [0x00000000d5f00000,0x00000000d5f00000,0x00000000e8780000)
  from space 14336K, 0% used [0x00000000e9c80000,0x00000000e9c80000,0x00000000eaa80000)
  to   space 17920K, 0% used [0x00000000e8780000,0x00000000e8780000,0x00000000e9900000)
 ParOldGen       total 107520K, used 37793K [0x0000000081c00000, 0x0000000088500000, 0x00000000d5f00000)
  object space 107520K, 35% used [0x0000000081c00000,0x00000000840e8468,0x0000000088500000)
 Metaspace       used 56540K, capacity 59028K, committed 59096K, reserved 1099776K
  class space    used 7486K, capacity 7910K, committed 7936K, reserved 1048576K
}

