# JRE version: Java(TM) SE Runtime Environment (8.0_151-b12) (build 1.8.0_151-b12)
# Java VM: Java HotSpot(TM) 64-Bit Server VM (25.151-b12 mixed mode windows-amd64 compressed oops)
Heap:
 PSYoungGen      total 319488K, used 275805K [0x00000000d5f00000, 0x00000000eac80000, 0x0000000100000000)
  eden space 305664K, 90% used [0x00000000d5f00000,0x00000000e6c57650,0x00000000e8980000)
  from space 13824K, 0% used [0x00000000e9e00000,0x00000000e9e00000,0x00000000eab80000)
  to   space 17920K, 0% used [0x00000000e8980000,0x00000000e8980000,0x00000000e9b00000)
 ParOldGen       total 69632K, used 37800K [0x0000000081c00000, 0x0000000086000000, 0x00000000d5f00000)
  object space 69632K, 54% used [0x0000000081c00000,0x00000000840ea348,0x0000000086000000)
 Metaspace       used 64305K, capacity 67134K, committed 67416K, reserved 1107968K
  class space    used 8573K, capacity 9023K, committed 9088K, reserved 1048576K
GC Heap History (10 events):
Event: 5.136 GC heap before
{Heap before GC invocations=11 (full 2):
 PSYoungGen      total 232448K, used 220672K [0x00000000d5f00000, 0x00000000e5c80000, 0x0000000100000000)
  eden space 220672K, 100% used [0x00000000d5f00000,0x00000000e3680000,0x00000000e3680000)
  from space 11776K, 0% used [0x00000000e4380000,0x00000000e4380000,0x00000000e4f00000)
  to   space 13312K, 0% used [0x00000000e3680000,0x00000000e3680000,0x00000000e4380000)
 ParOldGen       total 69632K, used 17815K [0x0000000081c00000, 0x0000000086000000, 0x00000000d5f00000)
  object space 69632K, 25% used [0x0000000081c00000,0x0000000082d65d20,0x0000000086000000)
 Metaspace       used 40975K, capacity 42272K, committed 42624K, reserved 1087488K
  class space    used 5167K, capacity 5424K, committed 5504K, reserved 1048576K
Event: 5.150 GC heap after
Heap after GC invocations=11 (full 2):
 PSYoungGen      total 233984K, used 11077K [0x00000000d5f00000, 0x00000000eab80000, 0x0000000100000000)
  eden space 220672K, 0% used [0x00000000d5f00000,0x00000000d5f00000,0x00000000e3680000)
  from space 13312K, 83% used [0x00000000e3680000,0x00000000e41515a0,0x00000000e4380000)
  to   space 13824K, 0% used [0x00000000e9e00000,0x00000000e9e00000,0x00000000eab80000)
 ParOldGen       total 69632K, used 17823K [0x0000000081c00000, 0x0000000086000000, 0x00000000d5f00000)
  object space 69632K, 25% used [0x0000000081c00000,0x0000000082d67d20,0x0000000086000000)
 Metaspace       used 40975K, capacity 42272K, committed 42624K, reserved 1087488K
  class space    used 5167K, capacity 5424K, committed 5504K, reserved 1048576K
}
Event: 8.978 GC heap before
{Heap before GC invocations=12 (full 2):
 PSYoungGen      total 233984K, used 231749K [0x00000000d5f00000, 0x00000000eab80000, 0x0000000100000000)
  eden space 220672K, 100% used [0x00000000d5f00000,0x00000000e3680000,0x00000000e3680000)
  from space 13312K, 83% used [0x00000000e3680000,0x00000000e41515a0,0x00000000e4380000)
  to   space 13824K, 0% used [0x00000000e9e00000,0x00000000e9e00000,0x00000000eab80000)
 ParOldGen       total 69632K, used 17823K [0x0000000081c00000, 0x0000000086000000, 0x00000000d5f00000)
  object space 69632K, 25% used [0x0000000081c00000,0x0000000082d67d20,0x0000000086000000)
 Metaspace       used 50569K, capacity 52510K, committed 52736K, reserved 1095680K
  class space    used 6558K, capacity 6879K, committed 6912K, reserved 1048576K
Event: 9.000 GC heap after
Heap after GC invocations=12 (full 2):
 PSYoungGen      total 319488K, used 13816K [0x00000000d5f00000, 0x00000000eac80000, 0x0000000100000000)
  eden space 305664K, 0% used [0x00000000d5f00000,0x00000000d5f00000,0x00000000e8980000)
  from space 13824K, 99% used [0x00000000e9e00000,0x00000000eab7e0f8,0x00000000eab80000)
  to   space 17920K, 0% used [0x00000000e8980000,0x00000000e8980000,0x00000000e9b00000)
 ParOldGen       total 69632K, used 24144K [0x0000000081c00000, 0x0000000086000000, 0x00000000d5f00000)
  object space 69632K, 34% used [0x0000000081c00000,0x0000000083394318,0x0000000086000000)
 Metaspace       used 50569K, capacity 52510K, committed 52736K, reserved 1095680K
  class space    used 6558K, capacity 6879K, committed 6912K, reserved 1048576K
}
Event: 10.819 GC heap before
{Heap before GC invocations=13 (full 2):
 PSYoungGen      total 319488K, used 319480K [0x00000000d5f00000, 0x00000000eac80000, 0x0000000100000000)
  eden space 305664K, 100% used [0x00000000d5f00000,0x00000000e8980000,0x00000000e8980000)
  from space 13824K, 99% used [0x00000000e9e00000,0x00000000eab7e0f8,0x00000000eab80000)
  to   space 17920K, 0% used [0x00000000e8980000,0x00000000e8980000,0x00000000e9b00000)
 ParOldGen       total 69632K, used 24144K [0x0000000081c00000, 0x0000000086000000, 0x00000000d5f00000)
  object space 69632K, 34% used [0x0000000081c00000,0x0000000083394318,0x0000000086000000)
 Metaspace       used 55432K, capacity 57820K, committed 57984K, reserved 1099776K
  class space    used 7324K, capacity 7730K, committed 7808K, reserved 1048576K
Event: 10.844 GC heap after
Heap after GC invocations=13 (full 2):
 PSYoungGen      total 323584K, used 12655K [0x00000000d5f00000, 0x00000000eac80000, 0x0000000100000000)
  eden space 305664K, 0% used [0x00000000d5f00000,0x00000000d5f00000,0x00000000e8980000)
  from space 17920K, 70% used [0x00000000e8980000,0x00000000e95dbc18,0x00000000e9b00000)
  to   space 13824K, 0% used [0x00000000e9e00000,0x00000000e9e00000,0x00000000eab80000)
 ParOldGen       total 69632K, used 37586K [0x0000000081c00000, 0x0000000086000000, 0x00000000d5f00000)
  object space 69632K, 53% used [0x0000000081c00000,0x00000000840b4a68,0x0000000086000000)
 Metaspace       used 55432K, capacity 57820K, committed 57984K, reserved 1099776K
  class space    used 7324K, capacity 7730K, committed 7808K, reserved 1048576K
}
Event: 11.061 GC heap before
{Heap before GC invocations=14 (full 2):
 PSYoungGen      total 323584K, used 52704K [0x00000000d5f00000, 0x00000000eac80000, 0x0000000100000000)
  eden space 305664K, 13% used [0x00000000d5f00000,0x00000000d861c6e0,0x00000000e8980000)
  from space 17920K, 70% used [0x00000000e8980000,0x00000000e95dbc18,0x00000000e9b00000)
  to   space 13824K, 0% used [0x00000000e9e00000,0x00000000e9e00000,0x00000000eab80000)
 ParOldGen       total 69632K, used 37586K [0x0000000081c00000, 0x0000000086000000, 0x00000000d5f00000)
  object space 69632K, 53% used [0x0000000081c00000,0x00000000840b4a68,0x0000000086000000)
 Metaspace       used 56546K, capacity 59024K, committed 59096K, reserved 1099776K
  class space    used 7491K, capacity 7910K, committed 7936K, reserved 1048576K
Event: 11.075 GC heap after
Heap after GC invocations=14 (full 2):
 PSYoungGen      total 319488K, used 1997K [0x00000000d5f00000, 0x00000000eac80000, 0x0000000100000000)
  eden space 305664K, 0% used [0x00000000d5f00000,0x00000000d5f00000,0x00000000e8980000)
  from space 13824K, 14% used [0x00000000e9e00000,0x00000000e9ff3560,0x00000000eab80000)
  to   space 17920K, 0% used [0x00000000e8980000,0x00000000e8980000,0x00000000e9b00000)
 ParOldGen       total 69632K, used 46088K [0x0000000081c00000, 0x0000000086000000, 0x00000000d5f00000)
  object space 69632K, 66% used [0x0000000081c00000,0x0000000084902008,0x0000000086000000)
 Metaspace       used 56546K, capacity 59024K, committed 59096K, reserved 1099776K
  class space    used 7491K, capacity 7910K, committed 7936K, reserved 1048576K
}
Event: 11.075 GC heap before
{Heap before GC invocations=15 (full 3):
 PSYoungGen      total 319488K, used 1997K [0x00000000d5f00000, 0x00000000eac80000, 0x0000000100000000)
  eden space 305664K, 0% used [0x00000000d5f00000,0x00000000d5f00000,0x00000000e8980000)
  from space 13824K, 14% used [0x00000000e9e00000,0x00000000e9ff3560,0x00000000eab80000)
  to   space 17920K, 0% used [0x00000000e8980000,0x00000000e8980000,0x00000000e9b00000)
 ParOldGen       total 69632K, used 46088K [0x0000000081c00000, 0x0000000086000000, 0x00000000d5f00000)
  object space 69632K, 66% used [0x0000000081c00000,0x0000000084902008,0x0000000086000000)
 Metaspace       used 56546K, capacity 59024K, committed 59096K, reserved 1099776K
  class space    used 7491K, capacity 7910K, committed 7936K, reserved 1048576K
Event: 11.297 GC heap after
Heap after GC invocations=15 (full 3):
 PSYoungGen      total 319488K, used 0K [0x00000000d5f00000, 0x00000000eac80000, 0x0000000100000000)
  eden space 305664K, 0% used [0x00000000d5f00000,0x00000000d5f00000,0x00000000e8980000)
  from space 13824K, 0% used [0x00000000e9e00000,0x00000000e9e00000,0x00000000eab80000)
  to   space 17920K, 0% used [0x00000000e8980000,0x00000000e8980000,0x00000000e9b00000)
 ParOldGen       total 69632K, used 37800K [0x0000000081c00000, 0x0000000086000000, 0x00000000d5f00000)
  object space 69632K, 54% used [0x0000000081c00000,0x00000000840ea348,0x0000000086000000)
 Metaspace       used 56546K, capacity 59024K, committed 59096K, reserved 1099776K
  class space    used 7491K, capacity 7910K, committed 7936K, reserved 1048576K
}

